<?xml version="1.0" encoding="UTF-8"?>
<testsuite xmlns:xsi="http://www.w3.org/2001/XMLSchema-instance" xsi:noNamespaceSchemaLocation="https://maven.apache.org/surefire/maven-surefire-plugin/xsd/surefire-test-report-3.0.xsd" version="3.0" name="io.adaptivetests.java.cli.AdaptiveTestsCommandTest" time="0.184" tests="2" errors="0" skipped="0" failures="1">
  <properties>
[...]
</properties>
  <testcase name="discoverCommandFailsWhenNotFound" classname="io.adaptivetests.java.cli.AdaptiveTestsCommandTest" time="0.162">
    <system-err><![CDATA[❌ No candidates matched signature Signature{name='Example', type=CLASS, methods=[], packageName='null', annotations=[], extendsClass='null'}
]]></system-err>
  </testcase>
  <testcase name="printsHelpByDefault" classname="io.adaptivetests.java.cli.AdaptiveTestsCommandTest" time="0.015">
    <failure message="expected: &lt;true&gt; but was: &lt;false&gt;" type="org.opentest4j.AssertionFailedError"><![CDATA[org.opentest4j.AssertionFailedError: expected: <true> but was: <false>
	at org.junit.jupiter.api.AssertionFailureBuilder.build(AssertionFailureBuilder.java:151)
	at org.junit.jupiter.api.AssertionFailureBuilder.buildAndThrow(AssertionFailureBuilder.java:132)
	at org.junit.jupiter.api.AssertTrue.failNotTrue(AssertTrue.java:63)
	at org.junit.jupiter.api.AssertTrue.assertTrue(AssertTrue.java:36)
	at org.junit.jupiter.api.AssertTrue.assertTrue(AssertTrue.java:31)
	at org.junit.jupiter.api.Assertions.assertTrue(Assertions.java:183)
	at io.adaptivetests.java.cli.AdaptiveTestsCommandTest.printsHelpByDefault(AdaptiveTestsCommandTest.java:28)
	at java.base/java.lang.reflect.Method.invoke(Method.java:580)
	at java.base/java.util.ArrayList.forEach(ArrayList.java:1596)
	at java.base/java.util.ArrayList.forEach(ArrayList.java:1596)
]]></failure>
    <system-out><![CDATA[Usage: adaptive-tests-java [-hV] [COMMAND]
Adaptive Tests discovery utilities for Java codebases
  -h, --help      Show this help message and exit.
  -V, --version   Print version information and exit.
Commands:
  discover  Resolve a signature and print metadata
  why       Explain scoring for top candidates
]]></system-out>
  </testcase>
</testsuite>